[    0.000000] Initializing cgroup subsys cpuset
[    0.000000] Initializing cgroup subsys cpu
[    0.000000] Initializing cgroup subsys cpuacct
[    0.000000] Linux version 4.4.0-187-generic (buildd@lgw01-amd64-035) (gcc version 5.4.0 20160609 (Ubuntu 5.4.0-6ubuntu1~16.04.12) ) #217-Ubuntu SMP Tue Jul 21 04:18:15 UTC 2020 (Ubuntu 4.4.0-187.217-generic 4.4.230)
[    0.000000] Command line: BOOT_IMAGE=/boot/vmlinuz-4.4.0-187-generic root=LABEL=cloudimg-rootfs ro console=tty1 console=ttyS0
[    0.000000] KERNEL supported cpus:
[    0.000000]   Intel GenuineIntel
[    0.000000]   AMD AuthenticAMD
[    0.000000]   Centaur CentaurHauls
[    0.000000] x86/fpu: xstate_offset[2]:  576, xstate_sizes[2]:  256
[    0.000000] x86/fpu: Supporting XSAVE feature 0x01: 'x87 floating point registers'
[    0.000000] x86/fpu: Supporting XSAVE feature 0x02: 'SSE registers'
[    0.000000] x86/fpu: Supporting XSAVE feature 0x04: 'AVX registers'
[    0.000000] x86/fpu: Enabled xstate features 0x7, context size is 832 bytes, using 'standard' format.
[    0.000000] e820: BIOS-provided physical RAM map:
[    0.000000] BIOS-e820: [mem 0x0000000000000000-0x000000000009fbff] usable
[    0.000000] BIOS-e820: [mem 0x000000000009fc00-0x000000000009ffff] reserved
[    0.000000] BIOS-e820: [mem 0x00000000000f0000-0x00000000000fffff] reserved
[    0.000000] BIOS-e820: [mem 0x0000000000100000-0x000000007ffeffff] usable
[    0.000000] BIOS-e820: [mem 0x000000007fff0000-0x000000007fffffff] ACPI data
[    0.000000] BIOS-e820: [mem 0x00000000fec00000-0x00000000fec00fff] reserved
[    0.000000] BIOS-e820: [mem 0x00000000fee00000-0x00000000fee00fff] reserved
[    0.000000] BIOS-e820: [mem 0x00000000fffc0000-0x00000000ffffffff] reserved
[    0.000000] NX (Execute Disable) protection: active
[    0.000000] SMBIOS 2.5 present.
[    0.000000] Hypervisor detected: KVM
[    0.000000] Kernel/User page tables isolation: disabled
[    0.000000] e820: last_pfn = 0x7fff0 max_arch_pfn = 0x400000000
[    0.000000] MTRR: Disabled
[    0.000000] x86/PAT: MTRRs disabled, skipping PAT initialization too.
[    0.000000] CPU MTRRs all blank - virtualized system.
[    0.000000] x86/PAT: Configuration [0-7]: WB  WT  UC- UC  WB  WT  UC- UC  
[    0.000000] found SMP MP-table at [mem 0x0009fff0-0x0009ffff] mapped at [ffff88000009fff0]
[    0.000000] Scanning 1 areas for low memory corruption
[    0.000000] RAMDISK: [mem 0x362e2000-0x37168fff]
[    0.000000] ACPI: Early table checksum verification disabled
[    0.000000] ACPI: RSDP 0x00000000000E0000 000024 (v02 VBOX  )
[    0.000000] ACPI: XSDT 0x000000007FFF0030 00003C (v01 VBOX   VBOXXSDT 00000001 ASL  00000061)
[    0.000000] ACPI: FACP 0x000000007FFF00F0 0000F4 (v04 VBOX   VBOXFACP 00000001 ASL  00000061)
[    0.000000] ACPI: DSDT 0x000000007FFF0470 0022EA (v02 VBOX   VBOXBIOS 00000002 INTL 20100528)
[    0.000000] ACPI: FACS 0x000000007FFF0200 000040
[    0.000000] ACPI: FACS 0x000000007FFF0200 000040
[    0.000000] ACPI: APIC 0x000000007FFF0240 00005C (v02 VBOX   VBOXAPIC 00000001 ASL  00000061)
[    0.000000] ACPI: SSDT 0x000000007FFF02A0 0001CC (v01 VBOX   VBOXCPUT 00000002 INTL 20100528)
[    0.000000] No NUMA configuration found
[    0.000000] Faking a node at [mem 0x0000000000000000-0x000000007ffeffff]
[    0.000000] NODE_DATA(0) allocated [mem 0x7ffeb000-0x7ffeffff]
[    0.000000] kvm-clock: Using msrs 4b564d01 and 4b564d00
[    0.000000] kvm-clock: cpu 0, msr 0:7ffe3001, primary cpu clock
[    0.000000] kvm-clock: using sched offset of 3518060057 cycles
[    0.000000] clocksource: kvm-clock: mask: 0xffffffffffffffff max_cycles: 0x1cd42e4dffb, max_idle_ns: 881590591483 ns
[    0.000000] Zone ranges:
[    0.000000]   DMA      [mem 0x0000000000001000-0x0000000000ffffff]
[    0.000000]   DMA32    [mem 0x0000000001000000-0x000000007ffeffff]
[    0.000000]   Normal   empty
[    0.000000]   Device   empty
[    0.000000] Movable zone start for each node
[    0.000000] Early memory node ranges
[    0.000000]   node   0: [mem 0x0000000000001000-0x000000000009efff]
[    0.000000]   node   0: [mem 0x0000000000100000-0x000000007ffeffff]
[    0.000000] Initmem setup node 0 [mem 0x0000000000001000-0x000000007ffeffff]
[    0.000000] ACPI: PM-Timer IO Port: 0x4008
[    0.000000] IOAPIC[0]: apic_id 2, version 32, address 0xfec00000, GSI 0-23
[    0.000000] ACPI: INT_SRC_OVR (bus 0 bus_irq 0 global_irq 2 dfl dfl)
[    0.000000] ACPI: INT_SRC_OVR (bus 0 bus_irq 9 global_irq 9 low level)
[    0.000000] Using ACPI (MADT) for SMP configuration information
[    0.000000] smpboot: Allowing 2 CPUs, 0 hotplug CPUs
[    0.000000] PM: Registered nosave memory: [mem 0x00000000-0x00000fff]
[    0.000000] PM: Registered nosave memory: [mem 0x0009f000-0x0009ffff]
[    0.000000] PM: Registered nosave memory: [mem 0x000a0000-0x000effff]
[    0.000000] PM: Registered nosave memory: [mem 0x000f0000-0x000fffff]
[    0.000000] e820: [mem 0x80000000-0xfebfffff] available for PCI devices
[    0.000000] Booting paravirtualized kernel on KVM
[    0.000000] clocksource: refined-jiffies: mask: 0xffffffff max_cycles: 0xffffffff, max_idle_ns: 7645519600211568 ns
[    0.000000] setup_percpu: NR_CPUS:512 nr_cpumask_bits:512 nr_cpu_ids:2 nr_node_ids:1
[    0.000000] PERCPU: Embedded 33 pages/cpu @ffff88007fc00000 s95512 r8192 d31464 u1048576
[    0.000000] Built 1 zonelists in Node order, mobility grouping on.  Total pages: 515960
[    0.000000] Policy zone: DMA32
[    0.000000] Kernel command line: BOOT_IMAGE=/boot/vmlinuz-4.4.0-187-generic root=LABEL=cloudimg-rootfs ro console=tty1 console=ttyS0
[    0.000000] PID hash table entries: 4096 (order: 3, 32768 bytes)
[    0.000000] Memory: 2029860K/2096696K available (8636K kernel code, 1337K rwdata, 4040K rodata, 1492K init, 1296K bss, 66836K reserved, 0K cma-reserved)
[    0.000000] SLUB: HWalign=64, Order=0-3, MinObjects=0, CPUs=2, Nodes=1
[    0.000000] Hierarchical RCU implementation.
[    0.000000] 	Build-time adjustment of leaf fanout to 64.
[    0.000000] 	RCU restricting CPUs from NR_CPUS=512 to nr_cpu_ids=2.
[    0.000000] RCU: Adjusting geometry for rcu_fanout_leaf=64, nr_cpu_ids=2
[    0.000000] NR_IRQS:33024 nr_irqs:440 16
[    0.000000] Console: colour VGA+ 80x25
[    0.000000] console [tty1] enabled
[    0.000000] console [ttyS0] enabled
[    0.000000] tsc: Detected 2592.000 MHz processor
[    0.169105] Calibrating delay loop (skipped) preset value.. 5184.00 BogoMIPS (lpj=10368000)
[    0.170651] pid_max: default: 32768 minimum: 301
[    0.171464] ACPI: Core revision 20150930
[    0.172970] ACPI: 2 ACPI AML tables successfully acquired and loaded
[    0.174162] Security Framework initialized
[    0.174919] Yama: becoming mindful.
[    0.175619] AppArmor: AppArmor initialized
[    0.179080] Dentry cache hash table entries: 262144 (order: 9, 2097152 bytes)
[    0.180624] Inode-cache hash table entries: 131072 (order: 8, 1048576 bytes)
[    0.181940] Mount-cache hash table entries: 4096 (order: 3, 32768 bytes)
[    0.183020] Mountpoint-cache hash table entries: 4096 (order: 3, 32768 bytes)
[    0.186954] Initializing cgroup subsys io
[    0.187722] Initializing cgroup subsys memory
[    0.188545] Initializing cgroup subsys devices
[    0.189351] Initializing cgroup subsys freezer
[    0.190154] Initializing cgroup subsys net_cls
[    0.190942] Initializing cgroup subsys perf_event
[    0.191805] Initializing cgroup subsys net_prio
[    0.192654] Initializing cgroup subsys hugetlb
[    0.193454] Initializing cgroup subsys pids
[    0.195346] mce: CPU supports 0 MCE banks
[    0.196139] Last level iTLB entries: 4KB 64, 2MB 8, 4MB 8
[    0.197081] Last level dTLB entries: 4KB 64, 2MB 0, 4MB 0, 1GB 4
[    0.198073] Spectre V1 : Mitigation: usercopy/swapgs barriers and __user pointer sanitization
[    0.199592] Spectre V2 : Mitigation: Enhanced IBRS
[    0.200430] Spectre V2 : Spectre v2 / SpectreRSB mitigation: Filling RSB on context switch
[    0.201958] Speculative Store Bypass: Vulnerable
[    0.205333] Freeing SMP alternatives memory: 36K
[    0.211984] ftrace: allocating 32337 entries in 127 pages
[    0.257718] smpboot: APIC(0) Converting physical 0 to logical package 0
[    0.258944] smpboot: Max logical packages: 1
[    0.260013] x2apic enabled
[    0.260866] Switched APIC routing to physical x2apic.
[    0.262801] ..TIMER: vector=0x30 apic1=0 pin1=2 apic2=-1 pin2=-1
[    0.371898] smpboot: CPU0: Intel(R) Core(TM) i7-10750H CPU @ 2.60GHz (family: 0x6, model: 0xa5, stepping: 0x2)
[    0.373778] Performance Events: unsupported p6 CPU model 165 no PMU driver, software events only.
[    0.384649] KVM setup paravirtual spinlock
[    0.386034] x86: Booting SMP configuration:
[    0.386812] .... node  #0, CPUs:      #1
[    0.387608] kvm-clock: cpu 1, msr 0:7ffe3041, secondary cpu clock
[    0.389415] mce: CPU supports 0 MCE banks
[    0.391876] x86: Booted up 1 node, 2 CPUs
[    0.392826] smpboot: Total of 2 processors activated (10368.00 BogoMIPS)
[    0.394340] devtmpfs: initialized
[    0.396787] evm: security.selinux
[    0.397441] evm: security.SMACK64
[    0.398085] evm: security.SMACK64EXEC
[    0.398873] evm: security.SMACK64TRANSMUTE
[    0.399635] evm: security.SMACK64MMAP
[    0.400341] evm: security.ima
[    0.400944] evm: security.capability
[    0.401827] clocksource: jiffies: mask: 0xffffffff max_cycles: 0xffffffff, max_idle_ns: 7645041785100000 ns
[    0.403616] futex hash table entries: 512 (order: 3, 32768 bytes)
[    0.404727] pinctrl core: initialized pinctrl subsystem
[    0.405707] RTC time:  6:50:45, date: 10/08/20
[    0.406672] NET: Registered protocol family 16
[    0.420544] cpuidle: using governor ladder
[    0.437213] cpuidle: using governor menu
[    0.438001] PCCT header not found.
[    0.438753] ACPI: bus type PCI registered
[    0.439568] acpiphp: ACPI Hot Plug PCI Controller Driver version: 0.5
[    0.441039] PCI: Using configuration type 1 for base access
[    0.453649] ACPI: Added _OSI(Module Device)
[    0.454506] ACPI: Added _OSI(Processor Device)
[    0.455373] ACPI: Added _OSI(3.0 _SCP Extensions)
[    0.456302] ACPI: Added _OSI(Processor Aggregator Device)
[    0.457963] ACPI: Executed 1 blocks of module-level executable AML code
[    0.463808] ACPI: Interpreter enabled
[    0.464631] ACPI: (supports S0 S5)
[    0.465344] ACPI: Using IOAPIC for interrupt routing
[    0.466402] PCI: Using host bridge windows from ACPI; if necessary, use "pci=nocrs" and report a bug
[    0.471204] ACPI: PCI Root Bridge [PCI0] (domain 0000 [bus 00-ff])
[    0.472273] acpi PNP0A03:00: _OSC: OS supports [ASPM ClockPM Segments MSI]
[    0.473707] acpi PNP0A03:00: _OSC: not requesting OS control; OS requires [ExtendedConfig ASPM ClockPM MSI]
[    0.475397] acpi PNP0A03:00: fail to add MMCONFIG information, can't access extended PCI configuration space under this bridge.
[    0.477545] PCI host bridge to bus 0000:00
[    0.478297] pci_bus 0000:00: root bus resource [io  0x0000-0x0cf7 window]
[    0.479409] pci_bus 0000:00: root bus resource [io  0x0d00-0xffff window]
[    0.480493] pci_bus 0000:00: root bus resource [mem 0x000a0000-0x000bffff window]
[    0.481883] pci_bus 0000:00: root bus resource [mem 0x80000000-0xfdffffff window]
[    0.483242] pci_bus 0000:00: root bus resource [bus 00-ff]
[    0.485964] pci 0000:00:01.1: legacy IDE quirk: reg 0x10: [io  0x01f0-0x01f7]
[    0.487144] pci 0000:00:01.1: legacy IDE quirk: reg 0x14: [io  0x03f6]
[    0.488232] pci 0000:00:01.1: legacy IDE quirk: reg 0x18: [io  0x0170-0x0177]
[    0.489399] pci 0000:00:01.1: legacy IDE quirk: reg 0x1c: [io  0x0376]
[    0.521121] pci 0000:00:07.0: quirk: [io  0x4000-0x403f] claimed by PIIX4 ACPI
[    0.533327] pci 0000:00:07.0: quirk: [io  0x4100-0x410f] claimed by PIIX4 SMB
[    0.550990] ACPI: PCI Interrupt Link [LNKA] (IRQs 5 9 10 *11)
[    0.552782] ACPI: PCI Interrupt Link [LNKB] (IRQs 5 9 *10 11)
[    0.554321] ACPI: PCI Interrupt Link [LNKC] (IRQs 5 *9 10 11)
[    0.555908] ACPI: PCI Interrupt Link [LNKD] (IRQs 5 9 10 *11)
[    0.557555] ACPI: Enabled 2 GPEs in block 00 to 07
[    0.558910] vgaarb: setting as boot device: PCI:0000:00:02.0
[    0.560173] vgaarb: device added: PCI:0000:00:02.0,decodes=io+mem,owns=io+mem,locks=none
[    0.561812] vgaarb: loaded
[    0.562445] vgaarb: bridge control possible 0000:00:02.0
[    0.563663] SCSI subsystem initialized
[    0.564820] ACPI: bus type USB registered
[    0.565694] usbcore: registered new interface driver usbfs
[    0.566716] usbcore: registered new interface driver hub
[    0.567754] usbcore: registered new device driver usb
[    0.568932] PCI: Using ACPI for IRQ routing
[    0.570088] NetLabel: Initializing
[    0.570824] NetLabel:  domain hash size = 128
[    0.571672] NetLabel:  protocols = UNLABELED CIPSOv4
[    0.572629] NetLabel:  unlabeled traffic allowed by default
[    0.573809] amd_nb: Cannot enumerate AMD northbridges
[    0.574807] clocksource: Switched to clocksource kvm-clock
[    0.586553] AppArmor: AppArmor Filesystem Enabled
[    0.587665] pnp: PnP ACPI init
[    0.589119] pnp: PnP ACPI: found 3 devices
[    0.600672] clocksource: acpi_pm: mask: 0xffffff max_cycles: 0xffffff, max_idle_ns: 2085701024 ns
[    0.602265] NET: Registered protocol family 2
[    0.603310] TCP established hash table entries: 16384 (order: 5, 131072 bytes)
[    0.604716] TCP bind hash table entries: 16384 (order: 6, 262144 bytes)
[    0.605812] TCP: Hash tables configured (established 16384 bind 16384)
[    0.607135] UDP hash table entries: 1024 (order: 3, 32768 bytes)
[    0.608136] UDP-Lite hash table entries: 1024 (order: 3, 32768 bytes)
[    0.609244] NET: Registered protocol family 1
[    0.610102] pci 0000:00:00.0: Limiting direct PCI/PCI transfers
[    0.611138] pci 0000:00:01.0: Activating ISA DMA hang workarounds
[    0.612275] Unpacking initramfs...
[    0.858877] Freeing initrd memory: 14876K
[    0.859991] clocksource: tsc: mask: 0xffffffffffffffff max_cycles: 0x255cb6cc5db, max_idle_ns: 440795203504 ns
[    0.862038] platform rtc_cmos: registered platform RTC device (no PNP device found)
[    0.863632] Scanning for low memory corruption every 60 seconds
[    0.865190] audit: initializing netlink subsys (disabled)
[    0.866370] audit: type=2000 audit(1602139850.841:1): initialized
[    0.867829] Initialise system trusted keyring
[    0.868864] HugeTLB registered 2 MB page size, pre-allocated 0 pages
[    0.871149] zbud: loaded
[    0.872021] VFS: Disk quotas dquot_6.6.0
[    0.872945] VFS: Dquot-cache hash table entries: 512 (order 0, 4096 bytes)
[    0.874477] squashfs: version 4.0 (2009/01/31) Phillip Lougher
[    0.875956] fuse init (API version 7.23)
[    0.876914] Key type big_key registered
[    0.877723] Allocating IMA MOK and blacklist keyrings.
[    0.882207] Key type asymmetric registered
[    0.883121] Asymmetric key parser 'x509' registered
[    0.884097] Block layer SCSI generic (bsg) driver version 0.4 loaded (major 249)
[    0.885659] io scheduler noop registered
[    0.886526] io scheduler deadline registered (default)
[    0.887590] io scheduler cfq registered
[    0.888463] pci_hotplug: PCI Hot Plug PCI Core version: 0.5
[    0.889495] pciehp: PCI Express Hot Plug Controller Driver version: 0.4
[    0.890799] ACPI: AC Adapter [AC] (on-line)
[    0.891777] input: Power Button as /devices/LNXSYSTM:00/LNXPWRBN:00/input/input0
[    0.893330] ACPI: Power Button [PWRF]
[    0.894164] input: Sleep Button as /devices/LNXSYSTM:00/LNXSLPBN:00/input/input1
[    0.895714] ACPI: Sleep Button [SLPF]
[    0.896681] GHES: HEST is not enabled!
[    0.897288] ACPI: Battery Slot [BAT0] (battery present)
[    0.898619] Serial: 8250/16550 driver, 32 ports, IRQ sharing enabled
[    0.920343] 00:02: ttyS0 at I/O 0x3f8 (irq = 4, base_baud = 115200) is a 16550A
[    0.924468] Linux agpgart interface v0.103
[    0.927130] loop: module loaded
[    0.928435] scsi host0: ata_piix
[    0.929280] scsi host1: ata_piix
[    0.930012] ata1: PATA max UDMA/33 cmd 0x1f0 ctl 0x3f6 bmdma 0xd000 irq 14
[    0.931472] ata2: PATA max UDMA/33 cmd 0x170 ctl 0x376 bmdma 0xd008 irq 15
[    0.933095] libphy: Fixed MDIO Bus: probed
[    0.933938] tun: Universal TUN/TAP device driver, 1.6
[    0.934946] tun: (C) 1999-2004 Max Krasnyansky <maxk@qualcomm.com>
[    0.936187] PPP generic driver version 2.4.2
[    0.937189] ehci_hcd: USB 2.0 'Enhanced' Host Controller (EHCI) Driver
[    0.938349] ehci-pci: EHCI PCI platform driver
[    0.939256] ehci-platform: EHCI generic platform driver
[    0.940252] ohci_hcd: USB 1.1 'Open' Host Controller (OHCI) Driver
[    0.941383] ohci-pci: OHCI PCI platform driver
[    0.942437] ohci-platform: OHCI generic platform driver
[    0.943451] uhci_hcd: USB Universal Host Controller Interface driver
[    0.944667] i8042: PNP: PS/2 Controller [PNP0303:PS2K,PNP0f03:PS2M] at 0x60,0x64 irq 1,12
[    0.946863] serio: i8042 KBD port at 0x60,0x64 irq 1
[    0.947815] serio: i8042 AUX port at 0x60,0x64 irq 12
[    0.948977] mousedev: PS/2 mouse device common for all mice
[    0.950297] input: AT Translated Set 2 keyboard as /devices/platform/i8042/serio0/input/input2
[    0.952209] rtc_cmos rtc_cmos: rtc core: registered rtc_cmos as rtc0
[    0.953386] rtc_cmos rtc_cmos: alarms up to one day, 114 bytes nvram
[    0.954429] i2c /dev entries driver
[    0.955155] device-mapper: uevent: version 1.0.3
[    0.956154] device-mapper: ioctl: 4.34.0-ioctl (2015-10-28) initialised: dm-devel@redhat.com
[    0.957660] ledtrig-cpu: registered to indicate activity on CPUs
[    0.959113] NET: Registered protocol family 10
[    0.960162] NET: Registered protocol family 17
[    0.960982] Key type dns_resolver registered
[    0.962457] registered taskstats version 1
[    0.963365] Loading compiled-in X.509 certificates
[    0.964873] Loaded X.509 cert 'Build time autogenerated kernel key: f06b7227f29f55afa9b8968d1b82289d30ebc7c3'
[    0.966721] zswap: loaded using pool lzo/zbud
[    0.969444] Key type trusted registered
[    0.973529] Key type encrypted registered
[    0.974351] AppArmor: AppArmor sha1 policy hashing enabled
[    0.975396] ima: No TPM chip found, activating TPM-bypass!
[    0.976415] ima: Allocated hash algorithm: sha1
[    0.977317] evm: HMAC attrs: 0x1
[    0.978441]   Magic number: 8:48:822
[    0.979296] rtc_cmos rtc_cmos: setting system clock to 2020-10-08 06:50:46 UTC (1602139846)
[    0.981074] BIOS EDD facility v0.16 2004-Jun-25, 0 devices found
[    0.982162] EDD information not available.
[    1.088351] Freeing unused kernel memory: 1492K
[    1.089259] Write protecting the kernel read-only data: 14336k
[    1.090773] Freeing unused kernel memory: 1592K
[    1.091842] Freeing unused kernel memory: 56K
Loading, please wait...
starting version 229
[    1.104138] random: systemd-udevd: uninitialized urandom read (16 bytes read, 1 bits of entropy available)
[    1.104618] random: udevadm: uninitialized urandom read (16 bytes read, 1 bits of entropy available)
[    1.104644] random: udevadm: uninitialized urandom read (16 bytes read, 1 bits of entropy available)
[    1.109963] random: systemd-udevd: uninitialized urandom read (16 bytes read, 1 bits of entropy available)
[    1.110812] random: udevadm: uninitialized urandom read (16 bytes read, 1 bits of entropy available)
[    1.110906] random: udevadm: uninitialized urandom read (16 bytes read, 1 bits of entropy available)
[    1.111036] random: udevadm: uninitialized urandom read (16 bytes read, 1 bits of entropy available)
[    1.111073] random: udevadm: uninitialized urandom read (16 bytes read, 1 bits of entropy available)
[    1.111111] random: udevadm: uninitialized urandom read (16 bytes read, 1 bits of entropy available)
[    1.111146] random: udevadm: uninitialized urandom read (16 bytes read, 1 bits of entropy available)
[    1.149110] e1000: Intel(R) PRO/1000 Network Driver - version 7.3.21-k8-NAPI
[    1.150497] e1000: Copyright (c) 1999-2006 Intel Corporation.
[    1.153432] Fusion MPT base driver 3.04.20
[    1.154255] Copyright (c) 1999-2008 LSI Corporation
[    1.161935] Fusion MPT SPI Host driver 3.04.20
[    1.168080] AVX2 version of gcm_enc/dec engaged.
[    1.169173] AES CTR mode by8 optimization enabled
[    1.364164] input: ImExPS/2 Generic Explorer Mouse as /devices/platform/i8042/serio1/input/input4
[    1.538027] e1000 0000:00:03.0 eth0: (PCI:33MHz:32-bit) 02:e1:21:9c:b1:d3
[    1.539260] e1000 0000:00:03.0 eth0: Intel(R) PRO/1000 Network Connection
[    1.902655] e1000 0000:00:08.0 eth1: (PCI:33MHz:32-bit) 08:00:27:cf:eb:fc
[    1.903959] e1000 0000:00:08.0 eth1: Intel(R) PRO/1000 Network Connection
[    1.905895] e1000 0000:00:03.0 enp0s3: renamed from eth0
[    1.907170] mptbase: ioc0: Initiating bringup
[    1.919223] e1000 0000:00:08.0 enp0s8: renamed from eth1
[    1.976442] ioc0: LSI53C1030 A0: Capabilities={Initiator}
[    2.817054] scsi host2: ioc0: LSI53C1030 A0, FwRev=00000000h, Ports=1, MaxQ=256, IRQ=20
[    3.171595] scsi 2:0:0:0: Direct-Access     VBOX     HARDDISK         1.0  PQ: 0 ANSI: 5
[    3.173478] scsi target2:0:0: Beginning Domain Validation
[    3.176447] scsi target2:0:0: Domain Validation skipping write tests
[    3.177596] scsi target2:0:0: Ending Domain Validation
[    3.178645] scsi target2:0:0: asynchronous
[    3.179958] scsi 2:0:1:0: Direct-Access     VBOX     HARDDISK         1.0  PQ: 0 ANSI: 5
[    3.181557] scsi target2:0:1: Beginning Domain Validation
[    3.194058] scsi target2:0:1: Domain Validation skipping write tests
[    3.195249] scsi target2:0:1: Ending Domain Validation
[    3.196299] scsi target2:0:1: asynchronous
[    3.205061] sd 2:0:0:0: Attached scsi generic sg0 type 0
[    3.206108] sd 2:0:0:0: [sda] 20971520 512-byte logical blocks: (10.7 GB/10.0 GiB)
[    3.207961] sd 2:0:1:0: [sdb] 20480 512-byte logical blocks: (10.5 MB/10.0 MiB)
[    3.209353] sd 2:0:1:0: Attached scsi generic sg1 type 0
[    3.210482] sd 2:0:1:0: [sdb] Write Protect is off
[    3.211592] sd 2:0:0:0: [sda] Write Protect is off
[    3.212660] sd 2:0:1:0: [sdb] Incomplete mode parameter data
[    3.213611] sd 2:0:1:0: [sdb] Assuming drive cache: write through
[    3.214623] sd 2:0:0:0: [sda] Incomplete mode parameter data
[    3.215648] sd 2:0:0:0: [sda] Assuming drive cache: write through
[    3.219310]  sda: sda1
[    3.220270] sd 2:0:0:0: [sda] Attached SCSI disk
[    3.221434] sd 2:0:1:0: [sdb] Attached SCSI disk
Begin: Loading essential drivers ... [    4.572444] md: linear personality registered for level -1
[    4.575606] md: multipath personality registered for level -4
[    4.579048] md: raid0 personality registered for level 0
[    4.583723] md: raid1 personality registered for level 1
[    4.655548] raid6: sse2x1   gen()  8210 MB/s
[    4.722871] raid6: sse2x1   xor()  5238 MB/s
[    4.791210] raid6: sse2x2   gen() 11443 MB/s
[    4.859504] raid6: sse2x2   xor()  9916 MB/s
[    4.926951] raid6: sse2x4   gen() 13516 MB/s
[    4.995099] raid6: sse2x4   xor()  2762 MB/s
[    5.066958] raid6: avx2x1   gen()  3722 MB/s
[    5.134966] raid6: avx2x2   gen()  4953 MB/s
[    5.203103] raid6: avx2x4   gen()  5012 MB/s
[    5.205690] raid6: using algorithm sse2x4 gen() 13516 MB/s
[    5.208632] raid6: .... xor() 2762 MB/s, rmw enabled
[    5.210967] raid6: using avx2x2 recovery algorithm
[    5.218969] xor: automatically using best checksumming function:
[    5.259019]    avx       :  9984.000 MB/sec
[    5.267248] async_tx: api initialized (async)
[    5.300338] md: raid6 personality registered for level 6
[    5.303970] md: raid5 personality registered for level 5
[    5.307983] md: raid4 personality registered for level 4
[    5.335343] md: raid10 personality registered for level 10
done.
Begin: Running /scripts/init-premount ... done.
Begin: Mounting root file system ... Begin: Running /scripts/local-top ... done.
Begin: Running /scripts/local-premount ... [    5.426416] Btrfs loaded
Scanning for Btrfs filesystems
done.
Warning: fsck not present, so skipping root file system
[    5.487501] EXT4-fs (sda1): mounted filesystem with ordered data mode. Opts: (null)
done.
Begin: Running /scripts/local-bottom ... done.
Begin: Running /scripts/init-bottom ... done.
[    5.599169] systemd[1]: systemd 229 running in system mode. (+PAM +AUDIT +SELINUX +IMA +APPARMOR +SMACK +SYSVINIT +UTMP +LIBCRYPTSETUP +GCRYPT +GNUTLS +ACL +XZ -LZ4 +SECCOMP +BLKID +ELFUTILS +KMOD -IDN)
[    5.602641] systemd[1]: Detected virtualization oracle.
[    5.603714] systemd[1]: Detected architecture x86-64.

Welcome to [1mUbuntu 16.04.7 LTS[0m!

[    5.611267] systemd[1]: Set hostname to <ubuntu>.
[    5.613970] systemd[1]: Initializing machine ID from random generator.
[    5.615222] systemd[1]: Installed transient /etc/machine-id file.
[    5.720064] systemd[1]: Reached target System Time Synchronized.
[[0;32m  OK  [0m] Reached target System Time Synchronized.
[    5.726728] systemd[1]: Reached target User and Group Name Lookups.
[[0;32m  OK  [0m] Reached target User and Group Name Lookups.
[    5.729359] systemd[1]: Listening on Device-mapper event daemon FIFOs.
[[0;32m  OK  [0m] Listening on Device-mapper event daemon FIFOs.
[    5.731752] systemd[1]: Listening on Journal Audit Socket.
[[0;32m  OK  [0m] Listening on Journal Audit Socket.
[    5.733845] systemd[1]: Listening on udev Control Socket.
[[0;32m  OK  [0m] Listening on udev Control Socket.
[    5.735994] systemd[1]: Listening on Journal Socket (/dev/log).
[[0;32m  OK  [0m] Listening on Journal Socket (/dev/log).
[    5.738259] systemd[1]: Listening on Journal Socket.
[[0;32m  OK  [0m] Listening on Journal Socket.
[    5.740375] systemd[1]: Set up automount Arbitrary Executable File Formats File System Automount Point.
[[0;32m  OK  [0m] Set up automount Arbitrary Executab...ats File System Automount Point.
[    5.743839] systemd[1]: Created slice System Slice.
[[0;32m  OK  [0m] Created slice System Slice.
[    5.746027] systemd[1]: Created slice system-serial\x2dgetty.slice.
[[0;32m  OK  [0m] Created slice system-serial\x2dgetty.slice.
[    5.767055] systemd[1]: Starting Create list of required static device nodes for the current kernel...
         Starting Create list of required st... nodes for the current kernel...
[    5.772004] systemd[1]: Mounting POSIX Message Queue File System...
         Mounting POSIX Message Queue File System...
[    5.774552] systemd[1]: Starting Nameserver information manager...
         Starting Nameserver information manager...
[    5.796305] systemd[1]: Starting Set console keymap...
         Starting Set console keymap...
[    5.803902] systemd[1]: Mounting Huge Pages File System...
         Mounting Huge Pages File System...
[    5.806712] systemd[1]: Starting Remount Root and Kernel File Systems...
         Starting Remount Root and Kernel File Systems...
[    5.809906] systemd[1]: Starting Uncomplicated firewall...
[    5.810258] EXT4-fs (sda1): re-mounted. Opts: (null)
         Starting Uncomplicated firewall...
[    5.813858] systemd[1]: Listening on /dev/initctl Compatibility Named Pipe.
[[0;32m  OK  [0m] Listening on /dev/initctl Compatibility Named Pipe.
[    5.823744] systemd[1]: Reached target Swap.
[[0;32m  OK  [0m] Reached target Swap.
[    5.825876] systemd[1]: Listening on LVM2 poll daemon socket.
[[0;32m  OK  [0m] Listening on LVM2 poll daemon socket.
[    5.828041] systemd[1]: Started Forward Password Requests to Wall Directory Watch.
[[0;32m  OK  [0m] Started Forward Password Requests to Wall Directory Watch.
[    5.831386] systemd[1]: Mounting Debug File System...
         Mounting Debug File System...
[    5.834615] systemd[1]: Starting Load Kernel Modules...
         Starting Load Kernel Modules...
[    5.836850] systemd[1]: Listening on Syslog Socket.
[[0;32m  OK  [0m] Listening on Syslog Socket.
[    5.839363] systemd[1]: Starting Journal Service...
         Starting Journal Service...
[    5.841445] systemd[1]: Listening on LVM2 metadata daemon socket.
[[0;32m  OK  [0m] Listening on LVM2 metadata daemon socket.
[    5.844797] systemd[1]: Starting Monitoring of LVM2 mirrors, snapshots etc. using dmeventd or progress polling...
         Starting Monitoring of LVM2 mirrors... dmeventd or progress polling...
[    5.848476] Loading iSCSI transport class v2.0-870.
[    5.848630] systemd[1]: Created slice User and Session Slice.
[[0;32m  OK  [0m] Created slice User and Session Slice.
[    5.860780] systemd[1]: Listening on udev Kernel Socket.
[[0;32m  OK  [0m] Listening on udev Kernel Socket.
[    5.869661] iscsi: registered transport (tcp)
[    5.876569] systemd[1]: Started Trigger resolvconf update for networkd DNS.
[[0;32m  OK  [0m] Started Trigger resolvconf update for networkd DNS.
[    5.879607] systemd[1]: Reached target Slices.
[[0;32m  OK  [0m] Reached target Slices.
[    5.881501] systemd[1]: Reached target Encrypted Volumes.
[[0;32m  OK  [0m] Reached target Encrypted Volumes.
[    5.899948] systemd[1]: Mounted Debug File System.
[[0;32m  OK  [0m] Mounted Debug File System.
[    5.902467] systemd[1]: Mounted POSIX Message Queue File System.
[[0;32m  OK  [0m] Mounted POSIX Message Queue File System.
[    5.905039] iscsi: registered transport (iser)
[    5.911539] systemd[1]: Mounted Huge Pages File System.
[[0;32m  OK  [0m] Mounted Huge Pages File System.
[    5.919943] systemd[1]: Started Journal Service.
[[0;32m  OK  [0m] Started Journal Service.
[[0;32m  OK  [0m] Started Create list of required sta...ce nodes for the current kernel.
[[0;32m  OK  [0m] Started Set console keymap.
[[0;32m  OK  [0m] Started Remount Root and Kernel File Systems.
[[0;32m  OK  [0m] Started Uncomplicated firewall.
[[0;32m  OK  [0m] Started Load Kernel Modules.
[[0;32m  OK  [0m] Started Nameserver information manager.
[[0;32m  OK  [0m] Started LVM2 metadata daemon.
         Mounting FUSE Control File System...
         Starting Apply Kernel Variables...
         Starting udev Coldplug all Devices...
         Starting Load/Save Random Seed...
         Starting Create Static Device Nodes in /dev...
         Starting Flush Journal to Persistent Storage...
[[0;32m  OK  [0m] Mounted FUSE Control File System.
[[0;32m  OK  [0m] Started Apply Kernel Variables.
[[0;32m  OK  [0m] Started Load/Save Random Seed.
[[0;32m  OK  [0m] Started Flush Journal to Persistent Storage.
[[0;32m  OK  [0m] Started Create Static Device Nodes in /dev.
         Starting udev Kernel Device Manager...
[[0;32m  OK  [0m] Started udev Coldplug all Devices.
[[0;32m  OK  [0m] Started udev Kernel Device Manager.
[[0;32m  OK  [0m] Started Dispatch Password Requests to Console Directory Watch.
[[0;32m  OK  [0m] Started Monitoring of LVM2 mirrors,...ng dmeventd or progress polling.
[[0;32m  OK  [0m] Reached target Local File Systems (Pre).
[[0;32m  OK  [0m] Reached target Local File Systems.
         Starting Commit a transient machine-id on disk...
         Starting Initial cloud-init job (pre-networking)...
         Starting Tell Plymouth To Write Out Runtime Data...
         Starting Set console font and keymap...
         Starting LSB: AppArmor initialization...
         Starting Create Volatile Files and Directories...
[[0;32m  OK  [0m] Started Tell Plymouth To Write Out Runtime Data.
[[0;32m  OK  [0m] Started Commit a transient machine-id on disk.
[[0;32m  OK  [0m] Started Create Volatile Files and Directories.
         Starting Update UTMP about System Boot/Shutdown...
[[0;32m  OK  [0m] Started Update UTMP about System Boot/Shutdown.
[[0;32m  OK  [0m] Found device /dev/ttyS0.
[[0;32m  OK  [0m] Listening on Load/Save RF Kill Switch Status /dev/rfkill Watch.
[    7.181688] cloud-init[485]: Cloud-init v. 20.2-45-g5f7825e2-0ubuntu1~16.04.1 running 'init-local' at Thu, 08 Oct 2020 06:50:52 +0000. Up 6.72 seconds.
[[0;32m  OK  [0m] Started LSB: AppArmor initialization.
         Starting Load AppArmor profiles managed internally by snapd...
[[0;32m  OK  [0m] Started Initial cloud-init job (pre-networking).
[[0;32m  OK  [0m] Started Load AppArmor profiles managed internally by snapd.
[[0;32m  OK  [0m] Reached target Network (Pre).
         Starting Raise network interfaces...
[[0;32m  OK  [0m] Started Set console font and keymap.
[[0;32m  OK  [0m] Created slice system-getty.slice.
[[0;32m  OK  [0m] Started Raise network interfaces.
[[0;32m  OK  [0m] Reached target Network.
         Starting Initial cloud-init job (metadata service crawler)...
[    8.581277] cloud-init[971]: Cloud-init v. 20.2-45-g5f7825e2-0ubuntu1~16.04.1 running 'init' at Thu, 08 Oct 2020 06:50:53 +0000. Up 8.05 seconds.
[    8.589005] cloud-init[971]: ci-info: ++++++++++++++++++++++++++++++++++++++Net device info+++++++++++++++++++++++++++++++++++++++
[    8.590591] cloud-init[971]: ci-info: +--------+-------+----------------------------+---------------+--------+-------------------+
[    8.593155] cloud-init[971]: ci-info: | Device |   Up  |          Address           |      Mask     | Scope  |     Hw-Address    |
[    8.595144] cloud-init[971]: ci-info: +--------+-------+----------------------------+---------------+--------+-------------------+
[    8.597234] cloud-init[971]: ci-info: | enp0s3 |  True |         10.0.2.15          | 255.255.255.0 | global | 02:e1:21:9c:b1:d3 |
[    8.599221] cloud-init[971]: ci-info: | enp0s3 |  True | fe80::e1:21ff:fe9c:b1d3/64 |       .       |  link  | 02:e1:21:9c:b1:d3 |
[    8.601576] cloud-init[971]: ci-info: | enp0s8 | False |             .              |       .       |   .    | 08:00:27:cf:eb:fc |
[    8.603689] cloud-init[971]: ci-info: |   lo   |  True |         127.0.0.1          |   255.0.0.0   |  host  |         .         |
[    8.606005] cloud-init[971]: ci-info: |   lo   |  True |          ::1/128           |       .       |  host  |         .         |
[    8.608205] cloud-init[971]: ci-info: +--------+-------+----------------------------+---------------+--------+-------------------+
[    8.610474] cloud-init[971]: ci-info: +++++++++++++++++++++++++++Route IPv4 info++++++++++++++++++++++++++++
[    8.612413] cloud-init[971]: ci-info: +-------+-------------+----------+---------------+-----------+-------+
[    8.620540] cloud-init[971]: ci-info: | Route | Destination | Gateway  |    Genmask    | Interface | Flags |
[    8.622490] cloud-init[971]: ci-info: +-------+-------------+----------+---------------+-----------+-------+
[    8.624491] cloud-init[971]: ci-info: |   0   |   0.0.0.0   | 10.0.2.2 |    0.0.0.0    |   enp0s3  |   UG  |
[    8.626519] cloud-init[971]: ci-info: |   1   |   10.0.2.0  | 0.0.0.0  | 255.255.255.0 |   enp0s3  |   U   |
[    8.628481] cloud-init[971]: ci-info: +-------+-------------+----------+---------------+-----------+-------+
[    8.636525] cloud-init[971]: ci-info: +++++++++++++++++++Route IPv6 info+++++++++++++++++++
[    8.638435] cloud-init[971]: ci-info: +-------+-------------+---------+-----------+-------+
[    8.643671] cloud-init[971]: ci-info: | Route | Destination | Gateway | Interface | Flags |
[    8.644181] cloud-init[971]: ci-info: +-------+-------------+---------+-----------+-------+
[    8.644543] cloud-init[971]: ci-info: |   0   |  fe80::/64  |    ::   |   enp0s3  |   U   |
[    8.646323] cloud-init[971]: ci-info: |   3   |   ff00::/8  |    ::   |   enp0s3  |   U   |
[    8.647620] cloud-init[971]: ci-info: +-------+-------------+---------+-----------+-------+
[    8.649374] cloud-init[971]: Generating public/private rsa key pair.
[    8.649699] cloud-init[971]: Your identification has been saved in /etc/ssh/ssh_host_rsa_key.
[    8.650042] cloud-init[971]: Your public key has been saved in /etc/ssh/ssh_host_rsa_key.pub.
[    8.650654] cloud-init[971]: The key fingerprint is:
[    8.651499] cloud-init[971]: SHA256:54/gEhwfbOXBzw8ziQ8RlqADWmmsuH6WgktdOAExn44 root@ubuntu-xenial
[    8.651673] cloud-init[971]: The key's randomart image is:
[    8.652570] cloud-init[971]: +---[RSA 2048]----+
[[    8.652952] cloud-init[971]: | +..o.  .ooo     |
[    8.653663] cloud-init[971]: |  +o=. . .*      |
[    8.654132] cloud-init[971]: | ..*  o. o * .   |
[    8.654423] cloud-init[971]: |. + o ..+ + B    |
[    8.654597] cloud-init[971]: | E + o +S..o =   |
[0;32m  OK  [0m] Started Initial cloud-init job (metadata service crawler).
[    8.654912] cloud-init[971]: |. . o o .o  . .  |
[    8.655080] cloud-init[971]: |o. ..  .. .      |
[    8.660730] cloud-init[971]: |oo +  .. . o     |
[    8.660920] cloud-init[971]: |..+    .. . .    |
[    8.661222] cloud-init[971]: +----[SHA256]-----+
[    8.661527] cloud-init[971]: Generating public/private dsa key pair.
[    8.662016] cloud-init[971]: Your identification has been saved in /etc/ssh/ssh_host_dsa_key.
[    8.662312] cloud-init[971]: Your public key has been saved in /etc/ssh/ssh_host_dsa_key.pub.
[    8.662634] cloud-init[971]: The key fingerprint is:
[    8.662985] cloud-init[971]: SHA256:jCFDcjFeesbhPZpxASsFbnd6cAzfNOxdi0QWlkZB8xs root@ubuntu-xenial
[    8.663361] cloud-init[971]: The key's randomart image is:
[    8.663963] cloud-init[971]: +---[DSA 1024]----+
[    8.664301] cloud-init[971]: |  . *o*...o+X+   |
[    8.664730] cloud-init[971]: |   * B B +.++o.  |
[    8.665008] cloud-init[971]: |    O @ O..+ oE. |
[    8.665287] cloud-init[971]: |   . B & .. o .o |
[    8.665608] cloud-init[971]: |      = S     .  |
[    8.665906] cloud-init[971]: |       .         |
[    8.666189] cloud-init[971]: |                 |
[    8.666509] cloud-init[971]: |                 |
[    8.666780] cloud-init[971]: |                 |
[    8.666926] cloud-init[971]: +----[SHA256]-----+
[    8.667315] cloud-init[971]: Generating public/private ecdsa key pair.
[    8.667872] cloud-init[971]: Your identification has been saved in /etc/ssh/ssh_host_ecdsa_key.
[    8.668284] cloud-init[971]: Your public key has been saved in /etc/ssh/ssh_host_ecdsa_key.pub.
[    8.668469] cloud-init[971]: The key fingerprint is:
[    8.668779] cloud-init[971]: SHA256:cAlDZB86iNRgWq9stp6dGqxmfa/mZ40i6/48Y0S8nuI root@ubuntu-xenial
[    8.669058] cloud-init[971]: The key's randomart image is:
[    8.669334] cloud-init[971]: +---[ECDSA 256]---+
[    8.669690] cloud-init[971]: |  =o o* .        |
[    8.669987] cloud-init[971]: | = o.o = o       |
[    8.670281] cloud-init[971]: |. . + + +        |
[    8.670753] cloud-init[971]: | . . o +         |
[    8.671041] cloud-init[971]: |  = . . S        |
[    8.671414] cloud-init[971]: | + . o           |
[    8.671853] cloud-init[971]: |  = o . o        |
[    8.672592] cloud-init[971]: | = B.@ + .       |
[[0;32m  OK  [0m] Reached target Cloud-config availability.
[[    8.672931] [0;32m  OK  [0mcloud-init] [971]: Reached target System Initialization.|+ BE%=O.         |

[    8.683469] cloud-init[971]: +----[SHA256]-----+
[    8.684472] cloud-init[971]: Generating public/private ed25519 key pair.
[    8.685543] cloud-init[971]: Your identification has been saved in /etc/ssh/ssh_host_ed25519_key.
[    8.685769] cloud-init[971]: Your public key has been saved in /etc/ssh/ssh_host_ed25519_key.pub.
[    8.686052] cloud-init[971]: The key fingerprint is:
[[0;32m  OK  [0m] Started ACPI Events Check.
[[    8.686172] cloud-init[971]: SHA256:hOsRvYtduhy6DlqVh2pE1NqIO59uB8/V7YWGB+Wp8mw root@ubuntu-xenial
[    8.699270] cloud-init[971]: The key's randomart image is:
[    8.699500] cloud-init[971]: +--[ED25519 256]--+
[    8.699913] cloud-init[971]: |    ..           |
[    8.700548] cloud-init[971]: |   .  .o    .    |
[    8.701381] cloud-init[971]: |   ..+o o  o .   |
[    8.701553] cloud-init[971]: |  ..o .* .. o    |
[    8.702006] cloud-init[971]: |   .. * S..= .   |
[    8.702258] cloud-init[971]: |  o..+ =o++ = .  |
[    8.702527] cloud-init[971]: |   o==o.=+ + .   |
[    8.702955] cloud-init[971]: |   ++.+o oE .    |
[    8.703219] cloud-init[971]: |  .o.o+.o.       |
[0;32m  OK  [0m] Reached target Paths.
[    8.703404] cloud-init[971]: +----[SHA256]-----+
[[0;32m  OK  [0m] Started Daily apt download activities.
[[0;32m  OK  [0m] Started Daily apt upgrade and clean activities.
         Starting Socket activation for snappy daemon.
         Starting LXD - unix socket.
[[0;32m  OK  [0m] Started Daily Cleanup of Temporary Directories.
[[0;32m  OK  [0m] Listening on ACPID Listen Socket.
[[0;32m  OK  [0m] Started Message of the Day.
[[0;32m  OK  [0m] Reached target Timers.
[[0;32m  OK  [0m] Listening on UUID daemon activation socket.
[[0;32m  OK  [0m] Listening on D-Bus System Message Bus Socket.
[[0;32m  OK  [0m] Reached target Network is Online.
         Starting iSCSI initiator daemon (iscsid)...
[[0;32m  OK  [0m] Listening on Socket activation for snappy daemon.
[[0;32m  OK  [0m] Listening on LXD - unix socket.
[[0;32m  OK  [0m] Reached target Sockets.
[[0;32m  OK  [0m] Reached target Basic System.
[[0;32m  OK  [0m] Started Regular background program processing daemon.
         Starting Pollinate to seed the pseudo random number generator...
         Starting /etc/rc.local Compatibility...
[[0;32m  OK  [0m] Started Deferred execution scheduler.
[[0;32m  OK  [0m] Started D-Bus System Message Bus.
         Starting System Logging Service...
         Starting Login Service...
[[0;32m  OK  [0m] Started ACPI event daemon.
         Starting Virtualbox guest utils...
         Starting LSB: MD monitoring daemon...
         Starting LSB: Record successful boot for GRUB...
         Starting LXD - container startup/shutdown...
[[0;32m  OK  [0m] Started FUSE filesystem for LXC.
         Starting Accounts Service...
         Starting Snap Daemon...
[[0;32m  OK  [0m] Started System Logging Service.
[[0;32m  OK  [0m] Started /etc/rc.local Compatibility.
[[0;32m  OK  [0m] Started Login Service.
[[0;32m  OK  [0m] Started Unattended Upgrades Shutdown.
[[0;32m  OK  [0m] Started iSCSI initiator daemon (iscsid).
         Starting Login to default iSCSI targets...
[[0;32m  OK  [0m] Started Login to default iSCSI targets.
[[0;32m  OK  [0m] Reached target Remote File Systems (Pre).
[[0;32m  OK  [0m] Reached target Remote File Systems.
         Starting LSB: daemon to balance interrupts for SMP systems...
         Starting LSB: automatic crash report generation...
         Starting LSB: Set the CPU Frequency Scaling governor to "ondemand"...
         Starting Permit User Sessions...
[[0;32m  OK  [0m] Started Permit User Sessions.
         Starting Terminate Plymouth Boot Screen...
         Starting Hold until boot process finishes up...
         Starting Authenticate and Authorize Users to Run Privileged Tasks...
[[0;32m  OK  [0m] Started Terminate Plymouth Boot Screen.
[[0;32m  OK  [0m] Started Hold until boot process finishes up.
[[0;32m  OK  [0m] Started Getty on tty1.
         Starting Set console scheme...
[[0;32m  OK  [0m] Started Serial Getty on ttyS0.
[[0;32m  OK  [0m] Reached target Login Prompts.
[[0;32m  OK  [0m] Started LSB: Record successful boot for GRUB.
[[0;32m  OK  [0m] Started Set console scheme.
[[0;32m  OK  [0m] Started LSB: daemon to balance interrupts for SMP systems.
[[0;32m  OK  [0m] Started Authenticate and Authorize Users to Run Privileged Tasks.
[[0;32m  OK  [0m] Started LSB: MD monitoring daemon.
[[0;32m  OK  [0m] Started Accounts Service.
[[0;32m  OK  [0m] Started LSB: automatic crash report generation.
[[0;32m  OK  [0m] Started LSB: Set the CPU Frequency Scaling governor to "ondemand".
[[0;32m  OK  [0m] Started LXD - container startup/shutdown.
[[0;32m  OK  [0m] Started Virtualbox guest utils.
[[0;32m  OK  [0m] Started Snap Daemon.
         Starting Wait until snapd is fully seeded...
[[0;32m  OK  [0m] Started Pollinate to seed the pseudo random number generator.
         Starting OpenBSD Secure Shell server...
[[0;32m  OK  [0m] Started OpenBSD Secure Shell server.
[[0;32m  OK  [0m] Created slice User Slice of vagrant.
         Starting User Manager for UID 1000...
[[0;32m  OK  [0m] Started Session 1 of user vagrant.
[[0;32m  OK  [0m] Started User Manager for UID 1000.
[[0;32m  OK  [0m] Started Wait until snapd is fully seeded.
[[0;32m  OK  [0m] Reached target Multi-User System.
[[0;32m  OK  [0m] Reached target Graphical Interface.
         Starting Update UTMP about System Runlevel Changes...
         Starting Apply the settings specified in cloud-config...
[[0;32m  OK  [0m] Started Update UTMP about System Runlevel Changes.
[   14.305362] cloud-init[1486]: Generating locales (this might take a while)...

Ubuntu 16.04.7 LTS ubuntu-xenial ttyS0

ubuntu-xenial login: [   15.723512] cloud-init[1486]:   en_US.UTF-8... done
[   15.724047] cloud-init[1486]: Generation complete.
[   15.953023] cloud-init[1486]: Cloud-init v. 20.2-45-g5f7825e2-0ubuntu1~16.04.1 running 'modules:config' at Thu, 08 Oct 2020 06:50:59 +0000. Up 14.14 seconds.
ci-info: no authorized SSH keys fingerprints found for user ubuntu.
<14>Oct  8 06:51:02 ec2: 
<14>Oct  8 06:51:02 ec2: #############################################################
<14>Oct  8 06:51:02 ec2: -----BEGIN SSH HOST KEY FINGERPRINTS-----
<14>Oct  8 06:51:02 ec2: 1024 SHA256:jCFDcjFeesbhPZpxASsFbnd6cAzfNOxdi0QWlkZB8xs root@ubuntu-xenial (DSA)
<14>Oct  8 06:51:02 ec2: 256 SHA256:cAlDZB86iNRgWq9stp6dGqxmfa/mZ40i6/48Y0S8nuI root@ubuntu-xenial (ECDSA)
<14>Oct  8 06:51:02 ec2: 256 SHA256:hOsRvYtduhy6DlqVh2pE1NqIO59uB8/V7YWGB+Wp8mw root@ubuntu-xenial (ED25519)
<14>Oct  8 06:51:02 ec2: 2048 SHA256:54/gEhwfbOXBzw8ziQ8RlqADWmmsuH6WgktdOAExn44 root@ubuntu-xenial (RSA)
<14>Oct  8 06:51:02 ec2: -----END SSH HOST KEY FINGERPRINTS-----
<14>Oct  8 06:51:02 ec2: #############################################################
-----BEGIN SSH HOST KEY KEYS-----
ecdsa-sha2-nistp256 AAAAE2VjZHNhLXNoYTItbmlzdHAyNTYAAAAIbmlzdHAyNTYAAABBBOcXP5cUbOFUK7YvVxk1jpbSEJG7OPISo2zHA+R/Gc1wbHUxtgp7fFJMRmWgrYLXn4ANwJoN8vIkJGCMKzI87xk= root@ubuntu-xenial
ssh-ed25519 AAAAC3NzaC1lZDI1NTE5AAAAIMu1+A6X9jJTiCL2NNOkn2l/CdC0d39VoFWAP8MGHl3S root@ubuntu-xenial
ssh-rsa AAAAB3NzaC1yc2EAAAADAQABAAABAQC08vAcdzD+hX4NYr3PL1Zzi77PIr+08QLcervZFJS7ctCDdewRtQrhxPq2Q2QhxIZdiSm0oxXcFoZZsbhK8fi6OqvEWiKjAsl5UnjgOjY4mBhsq18cMYrUQP4PJe65VVsNZ+pxrCAB41HicKjKWfyxR3TqYpSOdObEZqYLzrdNrJA6IJ0+MQdEGYS50cYXsb/3u+PKGfTgJ3RADsw/jk+s5emFls4xyMEASH6jDzKkWuU9VFtM8CnXql0F4nGCJgSRxLolBl/+h9rLsUKADdhZGOi92YQ570uCxGk/7TApYcDti0YrNO3flw56+/O3GlOkniKTSjx1cx5n+xPUYfSd root@ubuntu-xenial
-----END SSH HOST KEY KEYS-----
[   16.360000] cloud-init[1602]: Cloud-init v. 20.2-45-g5f7825e2-0ubuntu1~16.04.1 running 'modules:final' at Thu, 08 Oct 2020 06:51:01 +0000. Up 16.23 seconds.
[   16.362444] cloud-init[1602]: ci-info: no authorized SSH keys fingerprints found for user ubuntu.
[   16.363680] cloud-init[1602]: Cloud-init v. 20.2-45-g5f7825e2-0ubuntu1~16.04.1 finished at Thu, 08 Oct 2020 06:51:02 +0000. Datasource DataSourceNoCloud [seed=/dev/sdb][dsmode=net].  Up 16.34 seconds
